<?xml version="1.0" encoding="UTF-8"?>
<!-- Generated by org.testng.reporters.JUnitReportReporter -->
<testsuite hostname="LAPTOP-QCMEKPNB" failures="0" tests="1" name="api.GenderizeTest" time="14.030" errors="0" timestamp="2024-06-22T22:35:00 HOVT" skipped="0">
  <testcase classname="api.GenderizeTest" name="TestCertainName" time="14.030"/>
</testsuite> <!-- api.GenderizeTest -->
